This is pdfTeX, Version 3.1415926-2.5-1.40.14 (TeX Live 2013/Debian) (format=pdflatex 2015.10.3)  1 DEC 2017 23:09
entering extended mode
 restricted \write18 enabled.
 %&-line parsing enabled.
**GopinathArgallAuRo2017.tex
(./GopinathArgallAuRo2017.tex
LaTeX2e <2011/06/27>
Babel <3.9h> and hyphenation patterns for 2 languages loaded.
(/usr/share/texlive/texmf-dist/tex/latex/base/fix-cm.sty
Package: fix-cm 2006/09/13 v1.1m fixes to LaTeX

(/usr/share/texlive/texmf-dist/tex/latex/base/ts1enc.def
File: ts1enc.def 2001/06/05 v3.0e (jk/car/fm) Standard LaTeX file
)) (./svjour3.cls
Document Class: svjour3 2007/05/08 v3.2 
LaTeX document class for Springer journals
(/usr/share/texlive/texmf-dist/tex/latex/base/fleqn.clo
File: fleqn.clo 1998/08/17 v1.1c Standard LaTeX option (flush left equations)
\mathindent=\dimen102
)
Class Springer-SVJour3 Info: extra/valid Springer sub-package (-> *.clo) 
(Springer-SVJour3)           not found in option list of \documentclass
(Springer-SVJour3)           - autoactivating "global" style.
 (./svglov3.clo
File: svglov3.clo 2009/12/18 v3.2 style option for standardised journals

SVJour Class option: svglov3.clo for standardised journals
)
LaTeX Font Info:    Redeclaring math symbol \Gamma on input line 147.
LaTeX Font Info:    Redeclaring math symbol \Delta on input line 148.
LaTeX Font Info:    Redeclaring math symbol \Theta on input line 149.
LaTeX Font Info:    Redeclaring math symbol \Lambda on input line 150.
LaTeX Font Info:    Redeclaring math symbol \Xi on input line 151.
LaTeX Font Info:    Redeclaring math symbol \Pi on input line 152.
LaTeX Font Info:    Redeclaring math symbol \Sigma on input line 153.
LaTeX Font Info:    Redeclaring math symbol \Upsilon on input line 154.
LaTeX Font Info:    Redeclaring math symbol \Phi on input line 155.
LaTeX Font Info:    Redeclaring math symbol \Psi on input line 156.
LaTeX Font Info:    Redeclaring math symbol \Omega on input line 157.
\logodepth=\dimen103
\headerboxheight=\dimen104
\betweenumberspace=\dimen105
\aftertext=\dimen106
\headlineindent=\dimen107
\c@inst=\count79
\c@auth=\count80
\instindent=\dimen108
\authrun=\box26
\authorrunning=\toks14
\titrun=\box27
\titlerunning=\toks15
\combirun=\box28
\c@lastpage=\count81
\rubricwidth=\dimen109
\c@section=\count82
\c@subsection=\count83
\c@subsubsection=\count84
\c@paragraph=\count85
\c@subparagraph=\count86
\spthmsep=\dimen110
\c@theorem=\count87
\c@case=\count88
\c@conjecture=\count89
\c@corollary=\count90
\c@definition=\count91
\c@example=\count92
\c@exercise=\count93
\c@lemma=\count94
\c@note=\count95
\c@problem=\count96
\c@property=\count97
\c@proposition=\count98
\c@question=\count99
\c@solution=\count100
\c@remark=\count101
\c@figure=\count102
\c@table=\count103
\abovecaptionskip=\skip41
\belowcaptionskip=\skip42
\figcapgap=\dimen111
\tabcapgap=\dimen112
\figgap=\dimen113
\bibindent=\dimen114
\@tempcntc=\count104
) (./natbib.sty
Package: natbib 1998/07/14 6.8c (PWD)
\bibhang=\skip43
\bibsep=\skip44
LaTeX Info: Redefining \cite on input line 467.
\c@NAT@ctr=\count105
)
(/usr/share/texlive/texmf-dist/tex/latex/graphics/graphicx.sty
Package: graphicx 1999/02/16 v1.0f Enhanced LaTeX Graphics (DPC,SPQR)

(/usr/share/texlive/texmf-dist/tex/latex/graphics/keyval.sty
Package: keyval 1999/03/16 v1.13 key=value parser (DPC)
\KV@toks@=\toks16
)
(/usr/share/texlive/texmf-dist/tex/latex/graphics/graphics.sty
Package: graphics 2009/02/05 v1.0o Standard LaTeX Graphics (DPC,SPQR)

(/usr/share/texlive/texmf-dist/tex/latex/graphics/trig.sty
Package: trig 1999/03/16 v1.09 sin cos tan (DPC)
)
(/usr/share/texlive/texmf-dist/tex/latex/latexconfig/graphics.cfg
File: graphics.cfg 2010/04/23 v1.9 graphics configuration of TeX Live
)
Package graphics Info: Driver file: pdftex.def on input line 91.

(/usr/share/texlive/texmf-dist/tex/latex/pdftex-def/pdftex.def
File: pdftex.def 2011/05/27 v0.06d Graphics/color for pdfTeX

(/usr/share/texlive/texmf-dist/tex/generic/oberdiek/infwarerr.sty
Package: infwarerr 2010/04/08 v1.3 Providing info/warning/error messages (HO)
)
(/usr/share/texlive/texmf-dist/tex/generic/oberdiek/ltxcmds.sty
Package: ltxcmds 2011/11/09 v1.22 LaTeX kernel commands for general use (HO)
)
\Gread@gobject=\count106
))
\Gin@req@height=\dimen115
\Gin@req@width=\dimen116
)
(/usr/share/texlive/texmf-dist/tex/latex/amsfonts/amssymb.sty
Package: amssymb 2013/01/14 v3.01 AMS font symbols

(/usr/share/texlive/texmf-dist/tex/latex/amsfonts/amsfonts.sty
Package: amsfonts 2013/01/14 v3.01 Basic AMSFonts support
\@emptytoks=\toks17
\symAMSa=\mathgroup4
\symAMSb=\mathgroup5
LaTeX Font Info:    Overwriting math alphabet `\mathfrak' in version `bold'
(Font)                  U/euf/m/n --> U/euf/b/n on input line 106.
))
(/usr/share/texlive/texmf-dist/tex/latex/amsmath/amsmath.sty
Package: amsmath 2013/01/14 v2.14 AMS math features
\@mathmargin=\skip45

For additional information on amsmath, use the `?' option.
(/usr/share/texlive/texmf-dist/tex/latex/amsmath/amstext.sty
Package: amstext 2000/06/29 v2.01

(/usr/share/texlive/texmf-dist/tex/latex/amsmath/amsgen.sty
File: amsgen.sty 1999/11/30 v2.0
\@emptytoks=\toks18
\ex@=\dimen117
))
(/usr/share/texlive/texmf-dist/tex/latex/amsmath/amsbsy.sty
Package: amsbsy 1999/11/29 v1.2d
\pmbraise@=\dimen118
)
(/usr/share/texlive/texmf-dist/tex/latex/amsmath/amsopn.sty
Package: amsopn 1999/12/14 v2.01 operator names
)
\inf@bad=\count107
LaTeX Info: Redefining \frac on input line 210.
\uproot@=\count108
\leftroot@=\count109
LaTeX Info: Redefining \overline on input line 306.
\classnum@=\count110
\DOTSCASE@=\count111
LaTeX Info: Redefining \ldots on input line 378.
LaTeX Info: Redefining \dots on input line 381.
LaTeX Info: Redefining \cdots on input line 466.
\Mathstrutbox@=\box29
\strutbox@=\box30
\big@size=\dimen119
LaTeX Font Info:    Redeclaring font encoding OML on input line 566.
LaTeX Font Info:    Redeclaring font encoding OMS on input line 567.


Package amsmath Warning: Unable to redefine math accent \vec.

\macc@depth=\count112
\c@MaxMatrixCols=\count113
\dotsspace@=\muskip10
\c@parentequation=\count114
\dspbrk@lvl=\count115
\tag@help=\toks19
\row@=\count116
\column@=\count117
\maxfields@=\count118
\andhelp@=\toks20
\eqnshift@=\dimen120
\alignsep@=\dimen121
\tagshift@=\dimen122
\tagwidth@=\dimen123
\totwidth@=\dimen124
\lineht@=\dimen125
\@envbody=\toks21
\multlinegap=\skip46
\multlinetaggap=\skip47
\mathdisplay@stack=\toks22
LaTeX Info: Redefining \[ on input line 2665.
LaTeX Info: Redefining \] on input line 2666.
) (/usr/share/texlive/texmf-dist/tex/latex/base/latexsym.sty
Package: latexsym 1998/08/17 v2.2e Standard LaTeX package (lasy symbols)
\symlasy=\mathgroup6
LaTeX Font Info:    Overwriting symbol font `lasy' in version `bold'
(Font)                  U/lasy/m/n --> U/lasy/b/n on input line 47.
)
(/usr/share/texlive/texmf-dist/tex/latex/float/float.sty
Package: float 2001/11/08 v1.3d Float enhancements (AL)
\c@float@type=\count119
\float@exts=\toks23
\float@box=\box31
\@float@everytoks=\toks24
\@floatcapt=\box32
)
(/usr/share/texlive/texmf-dist/tex/latex/graphics/epsfig.sty
Package: epsfig 1999/02/16 v1.7a (e)psfig emulation (SPQR)
\epsfxsize=\dimen126
\epsfysize=\dimen127
)
(/usr/share/texlive/texmf-dist/tex/latex/subfigure/subfigure.sty
Package: subfigure 2002/03/15 v2.1.5 subfigure package
\subfigtopskip=\skip48
\subfigcapskip=\skip49
\subfigcaptopadj=\dimen128
\subfigbottomskip=\skip50
\subfigcapmargin=\dimen129
\subfiglabelskip=\skip51
\c@subfigure=\count120
\c@lofdepth=\count121
\c@subtable=\count122
\c@lotdepth=\count123

****************************************
* Local config file subfigure.cfg used *
****************************************
(/usr/share/texlive/texmf-dist/tex/latex/subfigure/subfigure.cfg)
\subfig@top=\skip52
\subfig@bottom=\skip53
)
(/usr/share/texlive/texmf-dist/tex/latex/mh/mathtools.sty
Package: mathtools 2013/02/12 v1.13 mathematical typesetting tools

(/usr/share/texlive/texmf-dist/tex/latex/tools/calc.sty
Package: calc 2007/08/22 v4.3 Infix arithmetic (KKT,FJ)
\calc@Acount=\count124
\calc@Bcount=\count125
\calc@Adimen=\dimen130
\calc@Bdimen=\dimen131
\calc@Askip=\skip54
\calc@Bskip=\skip55
LaTeX Info: Redefining \setlength on input line 76.
LaTeX Info: Redefining \addtolength on input line 77.
\calc@Ccount=\count126
\calc@Cskip=\skip56
)
(/usr/share/texlive/texmf-dist/tex/latex/mh/mhsetup.sty
Package: mhsetup 2010/01/21 v1.2a programming setup (MH)
)
LaTeX Info: Thecontrolsequence`\['isalreadyrobust on input line 129.
LaTeX Info: Thecontrolsequence`\]'isalreadyrobust on input line 129.
\g_MT_multlinerow_int=\count127
\l_MT_multwidth_dim=\dimen132
\origjot=\skip57
\l_MT_shortvdotswithinadjustabove_dim=\dimen133
\l_MT_shortvdotswithinadjustbelow_dim=\dimen134
\l_MT_above_intertext_sep=\dimen135
\l_MT_below_intertext_sep=\dimen136
\l_MT_above_shortintertext_sep=\dimen137
\l_MT_below_shortintertext_sep=\dimen138
)
(/usr/share/texlive/texmf-dist/tex/latex/bbm-macros/bbm.sty
Package: bbm 1999/03/15 V 1.2 provides fonts for set symbols - TH
LaTeX Font Info:    Overwriting math alphabet `\mathbbm' in version `bold'
(Font)                  U/bbm/m/n --> U/bbm/bx/n on input line 33.
LaTeX Font Info:    Overwriting math alphabet `\mathbbmss' in version `bold'
(Font)                  U/bbmss/m/n --> U/bbmss/bx/n on input line 35.
)
(/usr/share/texlive/texmf-dist/tex/latex/lipsum/lipsum.sty
Package: lipsum 2011/04/14 v1.2 150 paragraphs of Lorem Ipsum dummy text
\c@lips@count=\count128
)
(/usr/share/texlive/texmf-dist/tex/latex/adjustbox/adjustbox.sty
Package: adjustbox 2012/05/21 v1.0 Adjusting TeX boxes (trim, clip, ...)

(/usr/share/texlive/texmf-dist/tex/latex/xkeyval/xkeyval.sty
Package: xkeyval 2012/10/14 v2.6b package option processing (HA)

(/usr/share/texlive/texmf-dist/tex/generic/xkeyval/xkeyval.tex
\XKV@toks=\toks25
\XKV@tempa@toks=\toks26
\XKV@depth=\count129
File: xkeyval.tex 2012/10/14 v2.6b key=value parser (HA)
))
(/usr/share/texlive/texmf-dist/tex/latex/adjustbox/adjcalc.sty
Package: adjcalc 2012/05/16 v1.1 Provides advanced setlength with multiple back
-ends (calc, etex, pgfmath)
)
(/usr/share/texlive/texmf-dist/tex/latex/adjustbox/trimclip.sty
Package: trimclip 2012/05/16 v1.0 Trim and clip general TeX material

(/usr/share/texlive/texmf-dist/tex/latex/collectbox/collectbox.sty
Package: collectbox 2012/05/17 v0.4b Collect macro arguments as boxes
\collectedbox=\box33
)
\tc@llx=\dimen139
\tc@lly=\dimen140
\tc@urx=\dimen141
\tc@ury=\dimen142
Package trimclip Info: Using driver 'tc-pdftex.def'.

(/usr/share/texlive/texmf-dist/tex/latex/adjustbox/tc-pdftex.def
File: tc-pdftex.def 2012/05/13 v1.0 Clipping driver for pdftex
))
\adjbox@Width=\dimen143
\adjbox@Height=\dimen144
\adjbox@Depth=\dimen145
\adjbox@Totalheight=\dimen146

(/usr/share/texlive/texmf-dist/tex/latex/ifoddpage/ifoddpage.sty
Package: ifoddpage 2011/09/13 v1.0 Conditionals for odd/even page detection
\c@checkoddpage=\count130
)
(/usr/share/texlive/texmf-dist/tex/latex/varwidth/varwidth.sty
Package: varwidth 2009/03/30 ver 0.92;  Variable-width minipages
\@vwid@box=\box34
\sift@deathcycles=\count131
\@vwid@loff=\dimen147
\@vwid@roff=\dimen148
))
(/usr/share/texlive/texmf-dist/tex/generic/ulem/ulem.sty
\UL@box=\box35
\UL@hyphenbox=\box36
\UL@skip=\skip58
\UL@hook=\toks27
\UL@height=\dimen149
\UL@pe=\count132
\UL@pixel=\dimen150
\ULC@box=\box37
Package: ulem 2012/05/18
\ULdepth=\dimen151
)
(/usr/share/texlive/texmf-dist/tex/latex/wrapfig/wrapfig.sty
\wrapoverhang=\dimen152
\WF@size=\dimen153
\c@WF@wrappedlines=\count133
\WF@box=\box38
\WF@everypar=\toks28
Package: wrapfig 2003/01/31  v 3.6
)
(/usr/share/texlive/texmf-dist/tex/latex/multirow/multirow.sty
\bigstrutjot=\dimen154
)
(/usr/share/texlive/texmf-dist/tex/latex/preprint/balance.sty
Package: balance 1999/02/23 4.3 (PWD)
\oldvsize=\dimen155
)
(/usr/share/texlive/texmf-dist/tex/latex/graphics/color.sty
Package: color 2005/11/14 v1.0j Standard LaTeX Color (DPC)

(/usr/share/texlive/texmf-dist/tex/latex/latexconfig/color.cfg
File: color.cfg 2007/01/18 v1.5 color configuration of teTeX/TeXLive
)
Package color Info: Driver file: pdftex.def on input line 130.
)
(/usr/share/texlive/texmf-dist/tex/latex/url/url.sty
\Urlmuskip=\muskip11
Package: url 2013/09/16  ver 3.4  Verb mode for urls, etc.
)
(/usr/share/texlive/texmf-dist/tex/latex/microtype/microtype.sty
Package: microtype 2013/05/23 v2.5a Micro-typographical refinements (RS)
\MT@toks=\toks29
\MT@count=\count134
LaTeX Info: Redefining \textls on input line 766.
\MT@outer@kern=\dimen156
LaTeX Info: Redefining \textmicrotypecontext on input line 1285.
\MT@listname@count=\count135

(/usr/share/texlive/texmf-dist/tex/latex/microtype/microtype-pdftex.def
File: microtype-pdftex.def 2013/05/23 v2.5a Definitions specific to pdftex (RS)

LaTeX Info: Redefining \lsstyle on input line 915.
LaTeX Info: Redefining \lslig on input line 915.
\MT@outer@space=\skip59
)
Package microtype Info: Loading configuration file microtype.cfg.

(/usr/share/texlive/texmf-dist/tex/latex/microtype/microtype.cfg
File: microtype.cfg 2013/05/23 v2.5a microtype main configuration file (RS)

! Extra \else.
\XKV@wh@list ...r \expandafter \XKV@wh@list \else 
                                                  \def #3{#6}\expandafter \e...
l.64    }
         
I'm ignoring this; it doesn't match any \if.

! Extra \else.
\XKV@wh@list ...r \expandafter \XKV@wh@list \else 
                                                  \def #3{#6}\expandafter \e...
l.64    }
         
I'm ignoring this; it doesn't match any \if.

! Extra \else.
\XKV@wh@list ...r \expandafter \XKV@wh@list \else 
                                                  \def #3{#6}\expandafter \e...
l.64    }
         
I'm ignoring this; it doesn't match any \if.

! Extra \else.
\XKV@wh@list ...r \expandafter \XKV@wh@list \else 
                                                  \def #3{#6}\expandafter \e...
l.64    }
         
I'm ignoring this; it doesn't match any \if.

! Extra \else.
\XKV@wh@list ...r \expandafter \XKV@wh@list \else 
                                                  \def #3{#6}\expandafter \e...
l.64    }
         
I'm ignoring this; it doesn't match any \if.

! Extra \else.
\XKV@wh@list ...r \expandafter \XKV@wh@list \else 
                                                  \def #3{#6}\expandafter \e...
l.71    }
         
I'm ignoring this; it doesn't match any \if.

! Extra \else.
\XKV@wh@list ...r \expandafter \XKV@wh@list \else 
                                                  \def #3{#6}\expandafter \e...
l.71    }
         
I'm ignoring this; it doesn't match any \if.

! Extra \else.
\XKV@wh@list ...r \expandafter \XKV@wh@list \else 
                                                  \def #3{#6}\expandafter \e...
l.71    }
         
I'm ignoring this; it doesn't match any \if.

! Extra \else.
\XKV@wh@list ...r \expandafter \XKV@wh@list \else 
                                                  \def #3{#6}\expandafter \e...
l.71    }
         
I'm ignoring this; it doesn't match any \if.

! Extra \else.
\XKV@wh@list ...r \expandafter \XKV@wh@list \else 
                                                  \def #3{#6}\expandafter \e...
l.71    }
         
I'm ignoring this; it doesn't match any \if.

! Extra \else.
\XKV@wh@list ...r \expandafter \XKV@wh@list \else 
                                                  \def #3{#6}\expandafter \e...
l.81    }
         
I'm ignoring this; it doesn't match any \if.

! Extra \else.
\XKV@wh@list ...r \expandafter \XKV@wh@list \else 
                                                  \def #3{#6}\expandafter \e...
l.81    }
         
I'm ignoring this; it doesn't match any \if.

! Extra \else.
\XKV@wh@list ...r \expandafter \XKV@wh@list \else 
                                                  \def #3{#6}\expandafter \e...
l.81    }
         
I'm ignoring this; it doesn't match any \if.

! Extra \else.
\XKV@wh@list ...r \expandafter \XKV@wh@list \else 
                                                  \def #3{#6}\expandafter \e...
l.81    }
         
I'm ignoring this; it doesn't match any \if.

! Extra \else.
\XKV@wh@list ...r \expandafter \XKV@wh@list \else 
                                                  \def #3{#6}\expandafter \e...
l.81    }
         
I'm ignoring this; it doesn't match any \if.

! Extra \else.
\XKV@wh@list ...r \expandafter \XKV@wh@list \else 
                                                  \def #3{#6}\expandafter \e...
l.86    }
         
I'm ignoring this; it doesn't match any \if.

! Extra \else.
\XKV@wh@list ...r \expandafter \XKV@wh@list \else 
                                                  \def #3{#6}\expandafter \e...
l.86    }
         
I'm ignoring this; it doesn't match any \if.

! Extra \else.
\XKV@wh@list ...r \expandafter \XKV@wh@list \else 
                                                  \def #3{#6}\expandafter \e...
l.86    }
         
I'm ignoring this; it doesn't match any \if.

! Extra \else.
\XKV@wh@list ...r \expandafter \XKV@wh@list \else 
                                                  \def #3{#6}\expandafter \e...
l.86    }
         
I'm ignoring this; it doesn't match any \if.

! Extra \else.
\XKV@wh@list ...r \expandafter \XKV@wh@list \else 
                                                  \def #3{#6}\expandafter \e...
l.86    }
         
I'm ignoring this; it doesn't match any \if.

! Extra \else.
\XKV@wh@list ...r \expandafter \XKV@wh@list \else 
                                                  \def #3{#6}\expandafter \e...
l.89    { font = */*/*/*/* }
                            
I'm ignoring this; it doesn't match any \if.

! Extra \else.
\XKV@wh@list ...r \expandafter \XKV@wh@list \else 
                                                  \def #3{#6}\expandafter \e...
l.89    { font = */*/*/*/* }
                            
I'm ignoring this; it doesn't match any \if.

! Extra \else.
\XKV@wh@list ...r \expandafter \XKV@wh@list \else 
                                                  \def #3{#6}\expandafter \e...
l.89    { font = */*/*/*/* }
                            
I'm ignoring this; it doesn't match any \if.

! Extra \else.
\XKV@wh@list ...r \expandafter \XKV@wh@list \else 
                                                  \def #3{#6}\expandafter \e...
l.89    { font = */*/*/*/* }
                            
I'm ignoring this; it doesn't match any \if.

! Extra \else.
\XKV@wh@list ...r \expandafter \XKV@wh@list \else 
                                                  \def #3{#6}\expandafter \e...
l.89    { font = */*/*/*/* }
                            
I'm ignoring this; it doesn't match any \if.

)) (/usr/share/texlive/texmf-dist/tex/latex/algorithms/algorithm.sty
Package: algorithm 2009/08/24 v0.1 Document Style `algorithm' - floating enviro
nment

(/usr/share/texlive/texmf-dist/tex/latex/base/ifthen.sty
Package: ifthen 2001/05/26 v1.1c Standard LaTeX ifthen package (DPC)
)
\@float@every@algorithm=\toks30
\c@algorithm=\count136
)
(/usr/share/texlive/texmf-dist/tex/latex/algorithms/algorithmic.sty
Package: algorithmic 2009/08/24 v0.1 Document Style `algorithmic'
\c@ALC@unique=\count137
\c@ALC@line=\count138
\c@ALC@rem=\count139
\c@ALC@depth=\count140
\ALC@tlm=\skip60
\algorithmicindent=\skip61
)
(/usr/share/texlive/texmf-dist/tex/latex/mh/breqn.sty
(/usr/share/texlive/texmf-dist/tex/latex/l3kernel/expl3.sty
(/usr/share/texlive/texmf-dist/tex/latex/l3kernel/l3names.sty
(/usr/share/texlive/texmf-dist/tex/latex/l3kernel/l3bootstrap.sty
Package: l3bootstrap 2014/01/04 v4640 L3 Experimental bootstrap code
)
Package: l3names 2014/01/04 v4640 L3 Namespace for primitives
)
(/usr/share/texlive/texmf-dist/tex/latex/etex-pkg/etex.sty
Package: etex 1998/03/26 v2.0 eTeX basic definition package (PEB)
\et@xins=\count141
)
Package: expl3 2014/01/07 v4646 L3 Experimental code bundle wrapper

(/usr/share/texlive/texmf-dist/tex/latex/l3kernel/l3basics.sty
Package: l3basics 2014/01/04 v4642 L3 Basic definitions
)
(/usr/share/texlive/texmf-dist/tex/latex/l3kernel/l3expan.sty
Package: l3expan 2014/01/04 v4642 L3 Argument expansion
)
(/usr/share/texlive/texmf-dist/tex/latex/l3kernel/l3tl.sty
Package: l3tl 2013/12/27 v4625 L3 Token lists
)
(/usr/share/texlive/texmf-dist/tex/latex/l3kernel/l3seq.sty
Package: l3seq 2013/12/14 v4623 L3 Sequences and stacks
)
(/usr/share/texlive/texmf-dist/tex/latex/l3kernel/l3int.sty
Package: l3int 2013/08/02 v4583 L3 Integers
\c_max_int=\count142
\l_tmpa_int=\count143
\l_tmpb_int=\count144
\g_tmpa_int=\count145
\g_tmpb_int=\count146
)
(/usr/share/texlive/texmf-dist/tex/latex/l3kernel/l3quark.sty
Package: l3quark 2013/12/14 v4623 L3 Quarks
)
(/usr/share/texlive/texmf-dist/tex/latex/l3kernel/l3prg.sty
Package: l3prg 2014/01/04 v4642 L3 Control structures
\g__prg_map_int=\count147
)
(/usr/share/texlive/texmf-dist/tex/latex/l3kernel/l3clist.sty
Package: l3clist 2013/07/28 v4581 L3 Comma separated lists
)
(/usr/share/texlive/texmf-dist/tex/latex/l3kernel/l3token.sty
Package: l3token 2013/08/25 v4587 L3 Experimental token manipulation
)
(/usr/share/texlive/texmf-dist/tex/latex/l3kernel/l3prop.sty
Package: l3prop 2013/12/14 v4623 L3 Property lists
)
(/usr/share/texlive/texmf-dist/tex/latex/l3kernel/l3msg.sty
Package: l3msg 2013/07/28 v4581 L3 Messages
)
(/usr/share/texlive/texmf-dist/tex/latex/l3kernel/l3file.sty
Package: l3file 2013/10/13 v4596 L3 File and I/O operations
\l_iow_line_count_int=\count148
\l__iow_target_count_int=\count149
\l__iow_current_line_int=\count150
\l__iow_current_word_int=\count151
\l__iow_current_indentation_int=\count152
)
(/usr/share/texlive/texmf-dist/tex/latex/l3kernel/l3skip.sty
Package: l3skip 2013/07/28 v4581 L3 Dimensions and skips
\c_zero_dim=\dimen157
\c_max_dim=\dimen158
\l_tmpa_dim=\dimen159
\l_tmpb_dim=\dimen160
\g_tmpa_dim=\dimen161
\g_tmpb_dim=\dimen162
\c_zero_skip=\skip62
\c_max_skip=\skip63
\l_tmpa_skip=\skip64
\l_tmpb_skip=\skip65
\g_tmpa_skip=\skip66
\g_tmpb_skip=\skip67
\c_zero_muskip=\muskip12
\c_max_muskip=\muskip13
\l_tmpa_muskip=\muskip14
\l_tmpb_muskip=\muskip15
\g_tmpa_muskip=\muskip16
\g_tmpb_muskip=\muskip17
)
(/usr/share/texlive/texmf-dist/tex/latex/l3kernel/l3keys.sty
Package: l3keys 2013/12/08 v4614 L3 Experimental key-value interfaces
\g__keyval_level_int=\count153
\l_keys_choice_int=\count154
)
(/usr/share/texlive/texmf-dist/tex/latex/l3kernel/l3fp.sty
Package: l3fp 2014/01/04 v4642 L3 Floating points
\c__fp_leading_shift_int=\count155
\c__fp_middle_shift_int=\count156
\c__fp_trailing_shift_int=\count157
\c__fp_big_leading_shift_int=\count158
\c__fp_big_middle_shift_int=\count159
\c__fp_big_trailing_shift_int=\count160
\c__fp_Bigg_leading_shift_int=\count161
\c__fp_Bigg_middle_shift_int=\count162
\c__fp_Bigg_trailing_shift_int=\count163
)
(/usr/share/texlive/texmf-dist/tex/latex/l3kernel/l3box.sty
Package: l3box 2013/07/28 v4581 L3 Experimental boxes
\c_empty_box=\box39
\l_tmpa_box=\box40
\l_tmpb_box=\box41
\g_tmpa_box=\box42
\g_tmpb_box=\box43
)
(/usr/share/texlive/texmf-dist/tex/latex/l3kernel/l3coffins.sty
Package: l3coffins 2013/12/14 v4624 L3 Coffin code layer
\l__coffin_internal_box=\box44
\l__coffin_internal_dim=\dimen163
\l__coffin_offset_x_dim=\dimen164
\l__coffin_offset_y_dim=\dimen165
\l__coffin_x_dim=\dimen166
\l__coffin_y_dim=\dimen167
\l__coffin_x_prime_dim=\dimen168
\l__coffin_y_prime_dim=\dimen169
\c_empty_coffin=\box45
\l__coffin_aligned_coffin=\box46
\l__coffin_aligned_internal_coffin=\box47
\l_tmpa_coffin=\box48
\l_tmpb_coffin=\box49
\l__coffin_display_coffin=\box50
\l__coffin_display_coord_coffin=\box51
\l__coffin_display_pole_coffin=\box52
\l__coffin_display_offset_dim=\dimen170
\l__coffin_display_x_dim=\dimen171
\l__coffin_display_y_dim=\dimen172
)
(/usr/share/texlive/texmf-dist/tex/latex/l3kernel/l3color.sty
Package: l3color 2012/08/29 v4156 L3 Experimental color support
)
(/usr/share/texlive/texmf-dist/tex/latex/l3kernel/l3luatex.sty
Package: l3luatex 2013/07/28 v4581 L3 Experimental LuaTeX-specific functions
\g__cctab_allocate_int=\count164
\g__cctab_stack_int=\count165
)
(/usr/share/texlive/texmf-dist/tex/latex/l3kernel/l3candidates.sty
Package: l3candidates 2014/01/06 v4643 L3 Experimental additions to l3kernel
\l__box_top_dim=\dimen173
\l__box_bottom_dim=\dimen174
\l__box_left_dim=\dimen175
\l__box_right_dim=\dimen176
\l__box_top_new_dim=\dimen177
\l__box_bottom_new_dim=\dimen178
\l__box_left_new_dim=\dimen179
\l__box_right_new_dim=\dimen180
\l__box_internal_box=\box53
\l__coffin_bounding_shift_dim=\dimen181
\l__coffin_left_corner_dim=\dimen182
\l__coffin_right_corner_dim=\dimen183
\l__coffin_bottom_corner_dim=\dimen184
\l__coffin_top_corner_dim=\dimen185
\l__coffin_scaled_total_height_dim=\dimen186
\l__coffin_scaled_width_dim=\dimen187
)
(/usr/share/texlive/texmf-dist/tex/generic/oberdiek/ifpdf.sty
Package: ifpdf 2011/01/30 v2.3 Provides the ifpdf switch (HO)
Package ifpdf Info: pdfTeX in PDF mode is detected.
))
Package: breqn 2012/05/10 v0.98b Breaking equations

(/usr/share/texlive/texmf-dist/tex/latex/mh/flexisym.sty
Package: flexisym 2013/03/16 v0.97c Make math characters macros
LaTeX Info: Redefining \textprime on input line 296.
LaTeX Info: Redefining \not on input line 354.

(/usr/share/texlive/texmf-dist/tex/latex/mh/cmbase.sym
File: cmbase.sym 2007/12/19 v0.92
LaTeX Info: Redefining \hbar on input line 323.
LaTeX Info: Redefining \surd on input line 325.
LaTeX Info: Redefining \angle on input line 333.
LaTeX Info: Redefining \neq on input line 334.
LaTeX Info: Redefining \mapsto on input line 335.
LaTeX Info: Redefining \cong on input line 336.
LaTeX Info: Redefining \notin on input line 339.
LaTeX Info: Redefining \rightleftharpoons on input line 340.
LaTeX Info: Redefining \doteq on input line 341.
LaTeX Info: Redefining \hookrightarrow on input line 342.
LaTeX Info: Redefining \hookleftarrow on input line 343.
LaTeX Info: Redefining \bowtie on input line 344.
LaTeX Info: Redefining \models on input line 345.
LaTeX Info: Redefining \Longrightarrow on input line 346.
LaTeX Info: Redefining \longrightarrow on input line 347.
LaTeX Info: Redefining \Longleftarrow on input line 348.
LaTeX Info: Redefining \longleftarrow on input line 349.
LaTeX Info: Redefining \longmapsto on input line 350.
LaTeX Info: Redefining \longleftrightarrow on input line 351.
LaTeX Info: Redefining \Longleftrightarrow on input line 352.
LaTeX Info: Redefining \cdots on input line 356.
LaTeX Info: Redefining \vdots on input line 359.
LaTeX Info: Redefining \ddots on input line 364.
)
(/usr/share/texlive/texmf-dist/tex/latex/mh/mathstyle.sty
Package: mathstyle 2011/08/03 v0.90 Tracking mathstyle implicitly
LaTeX Info: Redefining \displaystyle on input line 81.
LaTeX Info: Redefining \textstyle on input line 83.
LaTeX Info: Redefining \scriptstyle on input line 85.
LaTeX Info: Redefining \scriptscriptstyle on input line 87.
LaTeX Info: Redefining \genfrac on input line 121.
))
\inf@bad=\count166
\maxint=\count167
\listwidth=\dimen188
\eqnumsep=\dimen189
\eqmargin=\dimen190
\eqlinespacing=\skip68
\eqlineskip=\skip69
\eqlineskiplimit=\dimen191
\eqbinoffset=\muskip18
\eqdelimoffset=\muskip19
\eqindentstep=\dimen192
\eqstyle=\toks31
\eqbreakdepth=\count168
\eqinterlinepenalty=\count169
\intereqpenalty=\count170
\intereqskip=\skip70
\prerelpenalty=\count171
\prebinoppenalty=\count172
\Dmedmuskip=\muskip20
\Dthickmuskip=\muskip21
\eqleftskip=\skip71
\eqrightskip=\skip72
\eq@vspan=\skip73
\eq@binoffset=\muskip22
\EQ@box=\box54
\EQ@copy=\box55
\EQ@numbox=\box56
\eq@wdNum=\dimen193
\GRP@numbox=\box57
\grp@wdNum=\dimen194
\eq@lines=\count173
\eq@curline=\count174
\eq@badness=\count175
\EQ@vims=\count176
\eq@dp=\dimen195
\eq@wdL=\dimen196
\eq@wdT=\dimen197
\eq@wdMin=\dimen198
\grp@wdL=\dimen199
\grp@wdR=\dimen200
\grp@wdT=\dimen201
Normal \dimen register pool exhausted, switching to extended pool.
\eq@wdRmax=\dimen256
\eq@firstht=\dimen257
\eq@wdCond=\dimen258
\eq@indentstep=\dimen259
\eq@linewidth=\dimen260
\grp@linewidth=\dimen261
\eq@hshift=\dimen262
\eq@given@sidespace=\dimen263
\eq@final@linecount=\count177
\eq@wdR=\dimen264
\EQ@continue=\toks32
\lr@level=\count178
\GRP@queue=\toks33
\GRP@box=\box58
\GRP@wholebox=\box59
\darraycolsep=\skip74
\cur@row=\count179
\cur@col=\count180
\conditionsep=\skip75
)
(/usr/share/texlive/texmf-dist/tex/latex/footmisc/footmisc.sty
Package: footmisc 2011/06/06 v5.5b a miscellany of footnote facilities
\FN@temptoken=\toks34
\footnotemargin=\dimen265
\c@pp@next@reset=\count181
Package footmisc Info: Declaring symbol style bringhurst on input line 855.
Package footmisc Info: Declaring symbol style chicago on input line 863.
Package footmisc Info: Declaring symbol style wiley on input line 872.
Package footmisc Info: Declaring symbol style lamport-robust on input line 883.

Package footmisc Info: Declaring symbol style lamport* on input line 903.
Package footmisc Info: Declaring symbol style lamport*-robust on input line 924
.
)
(./GopinathArgallAuRo2017.aux)
\openout1 = `GopinathArgallAuRo2017.aux'.

LaTeX Font Info:    Checking defaults for OML/cmm/m/it on input line 51.
LaTeX Font Info:    ... okay on input line 51.
LaTeX Font Info:    Checking defaults for T1/cmr/m/n on input line 51.
LaTeX Font Info:    ... okay on input line 51.
LaTeX Font Info:    Checking defaults for OT1/cmr/m/n on input line 51.
LaTeX Font Info:    ... okay on input line 51.
LaTeX Font Info:    Checking defaults for OMS/cmsy/m/n on input line 51.
LaTeX Font Info:    ... okay on input line 51.
LaTeX Font Info:    Checking defaults for OMX/cmex/m/n on input line 51.
LaTeX Font Info:    ... okay on input line 51.
LaTeX Font Info:    Checking defaults for U/cmr/m/n on input line 51.
LaTeX Font Info:    ... okay on input line 51.
LaTeX Font Info:    Checking defaults for TS1/cmr/m/n on input line 51.
LaTeX Font Info:    ... okay on input line 51.

(/usr/share/texlive/texmf-dist/tex/context/base/supp-pdf.mkii
[Loading MPS to PDF converter (version 2006.09.02).]
\scratchcounter=\count182
\scratchdimen=\dimen266
\scratchbox=\box60
\nofMPsegments=\count183
\nofMParguments=\count184
\everyMPshowfont=\toks35
\MPscratchCnt=\count185
\MPscratchDim=\dimen267
\MPnumerator=\count186
\makeMPintoPDFobject=\count187
\everyMPtoPDFconversion=\toks36
) (/usr/share/texlive/texmf-dist/tex/generic/oberdiek/pdftexcmds.sty
Package: pdftexcmds 2011/11/29 v0.20 Utility functions of pdfTeX for LuaTeX (HO
)

(/usr/share/texlive/texmf-dist/tex/generic/oberdiek/ifluatex.sty
Package: ifluatex 2010/03/01 v1.3 Provides the ifluatex switch (HO)
Package ifluatex Info: LuaTeX not detected.
)
Package pdftexcmds Info: LuaTeX not detected.
Package pdftexcmds Info: \pdf@primitive is available.
Package pdftexcmds Info: \pdf@ifprimitive is available.
Package pdftexcmds Info: \pdfdraftmode found.
)
(/usr/share/texlive/texmf-dist/tex/latex/oberdiek/epstopdf-base.sty
Package: epstopdf-base 2010/02/09 v2.5 Base part for package epstopdf

(/usr/share/texlive/texmf-dist/tex/latex/oberdiek/grfext.sty
Package: grfext 2010/08/19 v1.1 Manage graphics extensions (HO)

(/usr/share/texlive/texmf-dist/tex/generic/oberdiek/kvdefinekeys.sty
Package: kvdefinekeys 2011/04/07 v1.3 Define keys (HO)
))
(/usr/share/texlive/texmf-dist/tex/latex/oberdiek/kvoptions.sty
Package: kvoptions 2011/06/30 v3.11 Key value format for package options (HO)

(/usr/share/texlive/texmf-dist/tex/generic/oberdiek/kvsetkeys.sty
Package: kvsetkeys 2012/04/25 v1.16 Key value parser (HO)

(/usr/share/texlive/texmf-dist/tex/generic/oberdiek/etexcmds.sty
Package: etexcmds 2011/02/16 v1.5 Avoid name clashes with e-TeX commands (HO)
Package etexcmds Info: Could not find \expanded.
(etexcmds)             That can mean that you are not using pdfTeX 1.50 or
(etexcmds)             that some package has redefined \expanded.
(etexcmds)             In the latter case, load this package earlier.
)))
Package grfext Info: Graphics extension search list:
(grfext)             [.png,.pdf,.jpg,.mps,.jpeg,.jbig2,.jb2,.PNG,.PDF,.JPG,.JPE
G,.JBIG2,.JB2,.eps]
(grfext)             \AppendGraphicsExtensions on input line 452.

(/usr/share/texlive/texmf-dist/tex/latex/latexconfig/epstopdf-sys.cfg
File: epstopdf-sys.cfg 2010/07/13 v1.3 Configuration of (r)epstopdf for TeX Liv
e
))
LaTeX Info: Redefining \microtypecontext on input line 51.
Package microtype Info: Generating PDF output.
Package microtype Info: Character protrusion enabled (level 2).
Package microtype Info: Using default protrusion set `alltext'.
Package microtype Info: Automatic font expansion enabled (level 2),
(microtype)             stretch: 20, shrink: 20, step: 1, non-selected.
Package microtype Info: Using default expansion set `basictext'.
Package microtype Info: No adjustment of tracking.
Package microtype Info: No adjustment of interword spacing.
Package microtype Info: No adjustment of character kerning.

(/usr/share/texlive/texmf-dist/tex/latex/microtype/mt-cmr.cfg
File: mt-cmr.cfg 2013/05/19 v2.2 microtype config. file: Computer Modern Roman 
(RS)
)
LaTeX Font Info:    Try loading font information for U+msa on input line 85.

(/usr/share/texlive/texmf-dist/tex/latex/amsfonts/umsa.fd
File: umsa.fd 2013/01/14 v3.01 AMS symbols A
)
(/usr/share/texlive/texmf-dist/tex/latex/microtype/mt-msa.cfg
File: mt-msa.cfg 2006/02/04 v1.1 microtype config. file: AMS symbols (a) (RS)
)
LaTeX Font Info:    Try loading font information for U+msb on input line 85.

(/usr/share/texlive/texmf-dist/tex/latex/amsfonts/umsb.fd
File: umsb.fd 2013/01/14 v3.01 AMS symbols B
)
(/usr/share/texlive/texmf-dist/tex/latex/microtype/mt-msb.cfg
File: mt-msb.cfg 2005/06/01 v1.0 microtype config. file: AMS symbols (b) (RS)
)
LaTeX Font Info:    Font shape `U/lasy/b/n' in size <7> not available
(Font)              Font shape `U/lasy/m/n' tried instead on input line 85.
LaTeX Font Info:    Font shape `U/lasy/b/n' in size <5> not available
(Font)              Font shape `U/lasy/m/n' tried instead on input line 85.
LaTeX Font Info:    Calculating math sizes for size <8.5> on input line 85.
Package epstopdf Info: Source file: <Fig1.eps>
(epstopdf)                    date: 2017-11-30 23:36:25
(epstopdf)                    size: 3011293 bytes
(epstopdf)             Output file: <Fig1-eps-converted-to.pdf>
(epstopdf)                    date: 2017-12-01 06:08:17
(epstopdf)                    size: 1698620 bytes
(epstopdf)             Command: <repstopdf --outfile=Fig1-eps-converted-to.pdf 
Fig1.eps>
(epstopdf)             \includegraphics on input line 100.
Package epstopdf Info: Output file is already uptodate.

<Fig1-eps-converted-to.pdf, id=1, 1659.19875pt x 1281.78876pt>
File: Fig1-eps-converted-to.pdf Graphic file (type pdf)

<use Fig1-eps-converted-to.pdf>
Package pdftex.def Info: Fig1-eps-converted-to.pdf used on input line 100.
(pdftex.def)             Requested size: 420.75302pt x 325.04265pt.
LaTeX Font Info:    Font shape `U/lasy/b/n' in size <8.5> not available
(Font)              Font shape `U/lasy/m/n' tried instead on input line 101.
LaTeX Font Info:    Font shape `U/lasy/b/n' in size <5.94997> not available
(Font)              Font shape `U/lasy/m/n' tried instead on input line 101.
LaTeX Font Info:    Font shape `U/lasy/b/n' in size <4.25> not available
(Font)              Font shape `U/lasy/m/n' tried instead on input line 101.
 [1{/var/lib/texmf/fonts/map/pdftex/updmap/pdftex.map}


]
Underfull \vbox (badness 10000) has occurred while \output is active []


Underfull \vbox (badness 2828) has occurred while \output is active []

 [2 <./Fig1-eps-converted-to.pdf>]
Package epstopdf Info: Source file: <Fig2.eps>
(epstopdf)                    date: 2017-11-13 21:07:38
(epstopdf)                    size: 125295 bytes
(epstopdf)             Output file: <Fig2-eps-converted-to.pdf>
(epstopdf)                    date: 2017-12-01 06:08:18
(epstopdf)                    size: 126768 bytes
(epstopdf)             Command: <repstopdf --outfile=Fig2-eps-converted-to.pdf 
Fig2.eps>
(epstopdf)             \includegraphics on input line 118.
Package epstopdf Info: Output file is already uptodate.

<Fig2-eps-converted-to.pdf, id=27, 663.47874pt x 478.78876pt>
File: Fig2-eps-converted-to.pdf Graphic file (type pdf)

<use Fig2-eps-converted-to.pdf>
Package pdftex.def Info: Fig2-eps-converted-to.pdf used on input line 118.
(pdftex.def)             Requested size: 173.25302pt x 125.02275pt.
 [3 <./Fig2-eps-converted-to.pdf>]
Underfull \vbox (badness 2426) has occurred while \output is active []

 [4]
Package epstopdf Info: Source file: <Fig3.eps>
(epstopdf)                    date: 2017-11-30 21:33:37
(epstopdf)                    size: 49232 bytes
(epstopdf)             Output file: <Fig3-eps-converted-to.pdf>
(epstopdf)                    date: 2017-12-01 06:08:18
(epstopdf)                    size: 39004 bytes
(epstopdf)             Command: <repstopdf --outfile=Fig3-eps-converted-to.pdf 
Fig3.eps>
(epstopdf)             \includegraphics on input line 166.
Package epstopdf Info: Output file is already uptodate.

<Fig3-eps-converted-to.pdf, id=39, 478.78876pt x 438.63875pt>
File: Fig3-eps-converted-to.pdf Graphic file (type pdf)

<use Fig3-eps-converted-to.pdf>
Package pdftex.def Info: Fig3-eps-converted-to.pdf used on input line 166.
(pdftex.def)             Requested size: 238.96417pt x 218.92393pt.
 [5 <./Fig3-eps-converted-to.pdf>]
Package epstopdf Info: Source file: <Fig4.eps>
(epstopdf)                    date: 2017-11-30 11:54:47
(epstopdf)                    size: 411428 bytes
(epstopdf)             Output file: <Fig4-eps-converted-to.pdf>
(epstopdf)                    date: 2017-12-01 06:08:19
(epstopdf)                    size: 798493 bytes
(epstopdf)             Command: <repstopdf --outfile=Fig4-eps-converted-to.pdf 
Fig4.eps>
(epstopdf)             \includegraphics on input line 222.
Package epstopdf Info: Output file is already uptodate.

<Fig4-eps-converted-to.pdf, id=55, 1314.9125pt x 736.7525pt>
File: Fig4-eps-converted-to.pdf Graphic file (type pdf)

<use Fig4-eps-converted-to.pdf>
Package pdftex.def Info: Fig4-eps-converted-to.pdf used on input line 222.
(pdftex.def)             Requested size: 569.25363pt x 299.59726pt.
 [6] [7 <./Fig4-eps-converted-to.pdf>]
LaTeX Font Info:    Try loading font information for U+bbm on input line 291.

(/usr/share/texlive/texmf-dist/tex/latex/bbm-macros/ubbm.fd
File: ubbm.fd 1999/03/15 V 1.2 Font definition for bbm font - TH
) [8]

LaTeX Font Warning: Font shape `U/bbm/m/n' in size <8.5> not available
(Font)              size <8> substituted on input line 328.


LaTeX Font Warning: Font shape `U/bbm/m/n' in size <4.25> not available
(Font)              size <5> substituted on input line 328.

Package epstopdf Info: Source file: <Fig5.eps>
(epstopdf)                    date: 2017-05-30 22:22:25
(epstopdf)                    size: 310438 bytes
(epstopdf)             Output file: <Fig5-eps-converted-to.pdf>
(epstopdf)                    date: 2017-12-01 06:08:19
(epstopdf)                    size: 83448 bytes
(epstopdf)             Command: <repstopdf --outfile=Fig5-eps-converted-to.pdf 
Fig5.eps>
(epstopdf)             \includegraphics on input line 345.
Package epstopdf Info: Output file is already uptodate.
<Fig5-eps-converted-to.pdf, id=75, 1144.275pt x 418.56375pt>
File: Fig5-eps-converted-to.pdf Graphic file (type pdf)

<use Fig5-eps-converted-to.pdf>
Package pdftex.def Info: Fig5-eps-converted-to.pdf used on input line 345.
(pdftex.def)             Requested size: 238.9604pt x 93.20837pt.
Package epstopdf Info: Source file: <Fig6.eps>
(epstopdf)                    date: 2017-11-28 20:14:42
(epstopdf)                    size: 6490402 bytes
(epstopdf)             Output file: <Fig6-eps-converted-to.pdf>
(epstopdf)                    date: 2017-12-01 06:08:21
(epstopdf)                    size: 337764 bytes
(epstopdf)             Command: <repstopdf --outfile=Fig6-eps-converted-to.pdf 
Fig6.eps>
(epstopdf)             \includegraphics on input line 351.
Package epstopdf Info: Output file is already uptodate.

<Fig6-eps-converted-to.pdf, id=76, 1927.2pt x 542.025pt>
File: Fig6-eps-converted-to.pdf Graphic file (type pdf)

<use Fig6-eps-converted-to.pdf>
Package pdftex.def Info: Fig6-eps-converted-to.pdf used on input line 351.
(pdftex.def)             Requested size: 495.0pt x 139.21115pt.
 [9 <./Fig5-eps-converted-to.pdf>]
Package epstopdf Info: Source file: <Fig7.eps>
(epstopdf)                    date: 2017-12-01 02:49:59
(epstopdf)                    size: 34226 bytes
(epstopdf)             Output file: <Fig7-eps-converted-to.pdf>
(epstopdf)                    date: 2017-12-01 06:08:22
(epstopdf)                    size: 10168 bytes
(epstopdf)             Command: <repstopdf --outfile=Fig7-eps-converted-to.pdf 
Fig7.eps>
(epstopdf)             \includegraphics on input line 384.
Package epstopdf Info: Output file is already uptodate.

<Fig7-eps-converted-to.pdf, id=83, 682.55pt x 371.3875pt>
File: Fig7-eps-converted-to.pdf Graphic file (type pdf)

<use Fig7-eps-converted-to.pdf>
Package pdftex.def Info: Fig7-eps-converted-to.pdf used on input line 384.
(pdftex.def)             Requested size: 450.45181pt x 245.0995pt.
 [10 <./Fig6-eps-converted-to.pdf>]
Overfull \hbox (1.40538pt too wide) in paragraph at lines 394--395
$[]$\OT1/cmr/m/n/10 (-20) : In the sec-ond phase of train-ing, the blending-
 []


Underfull \vbox (badness 3291) has occurred while \output is active []

Package epstopdf Info: Source file: <Fig8.eps>
(epstopdf)                    date: 2017-12-01 03:02:12
(epstopdf)                    size: 193852 bytes
(epstopdf)             Output file: <Fig8-eps-converted-to.pdf>
(epstopdf)                    date: 2017-12-01 06:08:22
(epstopdf)                    size: 215176 bytes
(epstopdf)             Command: <repstopdf --outfile=Fig8-eps-converted-to.pdf 
Fig8.eps>
(epstopdf)             \includegraphics on input line 417.
Package epstopdf Info: Output file is already uptodate.

<Fig8-eps-converted-to.pdf, id=93, 716.6775pt x 541.02126pt>
File: Fig8-eps-converted-to.pdf Graphic file (type pdf)

<use Fig8-eps-converted-to.pdf>
Package pdftex.def Info: Fig8-eps-converted-to.pdf used on input line 417.
(pdftex.def)             Requested size: 415.79819pt x 313.8916pt.
 [11 <./Fig7-eps-converted-to.pdf>]
Underfull \vbox (badness 1824) has occurred while \output is active []

Package epstopdf Info: Source file: <Fig9.eps>
(epstopdf)                    date: 2017-12-01 04:45:12
(epstopdf)                    size: 2099967 bytes
(epstopdf)             Output file: <Fig9-eps-converted-to.pdf>
(epstopdf)                    date: 2017-12-01 06:08:23
(epstopdf)                    size: 157371 bytes
(epstopdf)             Command: <repstopdf --outfile=Fig9-eps-converted-to.pdf 
Fig9.eps>
(epstopdf)             \includegraphics on input line 450.
Package epstopdf Info: Output file is already uptodate.

<Fig9-eps-converted-to.pdf, id=105, 619.31375pt x 257.96375pt>
File: Fig9-eps-converted-to.pdf Graphic file (type pdf)

<use Fig9-eps-converted-to.pdf>
Package pdftex.def Info: Fig9-eps-converted-to.pdf used on input line 450.
(pdftex.def)             Requested size: 396.00151pt x 164.95451pt.
 [12 <./Fig8-eps-converted-to.pdf>]
Package epstopdf Info: Source file: <Fig10.eps>
(epstopdf)                    date: 2017-12-01 03:05:52
(epstopdf)                    size: 28366 bytes
(epstopdf)             Output file: <Fig10-eps-converted-to.pdf>
(epstopdf)                    date: 2017-12-01 06:08:24
(epstopdf)                    size: 8632 bytes
(epstopdf)             Command: <repstopdf --outfile=Fig10-eps-converted-to.pdf
 Fig10.eps>
(epstopdf)             \includegraphics on input line 462.
Package epstopdf Info: Output file is already uptodate.

<Fig10-eps-converted-to.pdf, id=115, 619.31375pt x 447.6725pt>
File: Fig10-eps-converted-to.pdf Graphic file (type pdf)

<use Fig10-eps-converted-to.pdf>
Package pdftex.def Info: Fig10-eps-converted-to.pdf used on input line 462.
(pdftex.def)             Requested size: 238.96417pt x 172.73355pt.


LaTeX Warning: `!h' float specifier changed to `!ht'.


Underfull \vbox (badness 4217) has occurred while \output is active []

 [13 <./Fig9-eps-converted-to.pdf> <./Fig10-eps-converted-to.pdf>]
Underfull \hbox (badness 1496) in paragraph at lines 560--562
\OT1/cmr/m/n/8.5 (+20) inhibition type neu-ral fields. \OT1/cmr/m/it/8.5 (+20) 
Bi-o-log-i-cal Cy-ber-net-ics
 []


Package balance Warning: You have called \balance in second column
(balance)                Columns might not be balanced.

[14]
Underfull \vbox (badness 10000) has occurred while \output is active []


Underfull \vbox (badness 10000) has occurred while \output is active []


Overfull \vbox (0.82639pt too high) has occurred while \output is active []


Overfull \vbox (3.37914pt too high) has occurred while \output is active []


[15]
Overfull \hbox (0.87498pt too wide) in paragraph at lines 804--805
\OT1/cmr/m/it/8.5 (-20) IEEE Transactions on Biomedical Engineering \OT1/cmr/m/
n/8.5 (-20) 55(8):2050--
 []

Missing character: There is no ‚ in font cmr8!
Missing character: There is no Ä in font cmr8!
Missing character: There is no ú in font cmr8!
Missing character: There is no ‚ in font cmr8!
Missing character: There is no Ä in font cmr8!
Missing character: There is no ù in font cmr8!

Overfull \vbox (0.84027pt too high) has occurred while \output is active []


[16] (./GopinathArgallAuRo2017.aux)

LaTeX Font Warning: Size substitutions with differences
(Font)              up to 0.75pt have occurred.

 )
(\end occurred when \ifx on line 89 was incomplete)
(\end occurred when \ifx on line 89 was incomplete)
(\end occurred when \iffalse on line 89 was incomplete)
(\end occurred when \ifx on line 89 was incomplete)
(\end occurred when \ifx on line 89 was incomplete)
(\end occurred when \iffalse on line 89 was incomplete)
(\end occurred when \ifx on line 89 was incomplete)
(\end occurred when \ifx on line 89 was incomplete)
(\end occurred when \iffalse on line 89 was incomplete)
(\end occurred when \ifx on line 89 was incomplete)
(\end occurred when \ifx on line 89 was incomplete)
(\end occurred when \iffalse on line 89 was incomplete)
(\end occurred when \ifx on line 89 was incomplete)
(\end occurred when \ifx on line 89 was incomplete)
(\end occurred when \ifx on line 89 was incomplete)
(\end occurred when \ifx on line 86 was incomplete)
(\end occurred when \ifx on line 86 was incomplete)
(\end occurred when \iffalse on line 86 was incomplete)
(\end occurred when \ifx on line 86 was incomplete)
(\end occurred when \ifx on line 86 was incomplete)
(\end occurred when \iffalse on line 86 was incomplete)
(\end occurred when \ifx on line 86 was incomplete)
(\end occurred when \ifx on line 86 was incomplete)
(\end occurred when \iffalse on line 86 was incomplete)
(\end occurred when \ifx on line 86 was incomplete)
(\end occurred when \ifx on line 86 was incomplete)
(\end occurred when \iffalse on line 86 was incomplete)
(\end occurred when \ifx on line 86 was incomplete)
(\end occurred when \ifx on line 86 was incomplete)
(\end occurred when \ifx on line 86 was incomplete)
(\end occurred when \ifx on line 81 was incomplete)
(\end occurred when \ifx on line 81 was incomplete)
(\end occurred when \iffalse on line 81 was incomplete)
(\end occurred when \ifx on line 81 was incomplete)
(\end occurred when \ifx on line 81 was incomplete)
(\end occurred when \iffalse on line 81 was incomplete)
(\end occurred when \ifx on line 81 was incomplete)
(\end occurred when \ifx on line 81 was incomplete)
(\end occurred when \iffalse on line 81 was incomplete)
(\end occurred when \ifx on line 81 was incomplete)
(\end occurred when \ifx on line 81 was incomplete)
(\end occurred when \iffalse on line 81 was incomplete)
(\end occurred when \ifx on line 81 was incomplete)
(\end occurred when \ifx on line 81 was incomplete)
(\end occurred when \ifx on line 81 was incomplete)
(\end occurred when \iffalse on line 71 was incomplete)
(\end occurred when \iffalse on line 71 was incomplete)
(\end occurred when \ifx on line 71 was incomplete)
(\end occurred when \ifx on line 71 was incomplete)
(\end occurred when \iffalse on line 71 was incomplete)
(\end occurred when \iffalse on line 71 was incomplete)
(\end occurred when \iffalse on line 71 was incomplete)
(\end occurred when \ifx on line 71 was incomplete)
(\end occurred when \ifx on line 71 was incomplete)
(\end occurred when \iffalse on line 71 was incomplete)
(\end occurred when \iffalse on line 71 was incomplete)
(\end occurred when \iffalse on line 71 was incomplete)
(\end occurred when \ifx on line 71 was incomplete)
(\end occurred when \ifx on line 71 was incomplete)
(\end occurred when \iffalse on line 71 was incomplete)
(\end occurred when \iffalse on line 71 was incomplete)
(\end occurred when \iffalse on line 71 was incomplete)
(\end occurred when \ifx on line 71 was incomplete)
(\end occurred when \ifx on line 71 was incomplete)
(\end occurred when \iffalse on line 71 was incomplete)
(\end occurred when \iffalse on line 71 was incomplete)
(\end occurred when \iffalse on line 71 was incomplete)
(\end occurred when \ifx on line 71 was incomplete)
(\end occurred when \ifx on line 71 was incomplete)
(\end occurred when \ifx on line 71 was incomplete)
(\end occurred when \iffalse on line 64 was incomplete)
(\end occurred when \iffalse on line 64 was incomplete)
(\end occurred when \ifx on line 64 was incomplete)
(\end occurred when \ifx on line 64 was incomplete)
(\end occurred when \iffalse on line 64 was incomplete)
(\end occurred when \iffalse on line 64 was incomplete)
(\end occurred when \iffalse on line 64 was incomplete)
(\end occurred when \ifx on line 64 was incomplete)
(\end occurred when \ifx on line 64 was incomplete)
(\end occurred when \iffalse on line 64 was incomplete)
(\end occurred when \iffalse on line 64 was incomplete)
(\end occurred when \iffalse on line 64 was incomplete)
(\end occurred when \ifx on line 64 was incomplete)
(\end occurred when \ifx on line 64 was incomplete)
(\end occurred when \iffalse on line 64 was incomplete)
(\end occurred when \iffalse on line 64 was incomplete)
(\end occurred when \iffalse on line 64 was incomplete)
(\end occurred when \ifx on line 64 was incomplete)
(\end occurred when \ifx on line 64 was incomplete)
(\end occurred when \iffalse on line 64 was incomplete)
(\end occurred when \iffalse on line 64 was incomplete)
(\end occurred when \iffalse on line 64 was incomplete)
(\end occurred when \ifx on line 64 was incomplete)
(\end occurred when \ifx on line 64 was incomplete)
(\end occurred when \ifx on line 64 was incomplete) 
Here is how much of TeX's memory you used:
 13405 strings out of 495028
 226902 string characters out of 6181497
 430809 words of memory out of 5000000
 16076 multiletter control sequences out of 15000+600000
 27775 words of font info for 203 fonts, out of 8000000 for 9000
 14 hyphenation exceptions out of 8191
 38i,20n,51p,10427b,591s stack positions out of 5000i,500n,10000p,200000b,80000s
 </home/deepak/.texmf-var/fo
nts/pk/ljfour/public/bbm/bbm10.600pk></usr/share/texlive/texmf-dist/fonts/type1
/public/amsfonts/cm/cmbsy10.pfb></usr/share/texlive/texmf-dist/fonts/type1/publ
ic/amsfonts/cm/cmbx10.pfb></usr/share/texlive/texmf-dist/fonts/type1/public/ams
fonts/cm/cmbx12.pfb></usr/share/texlive/texmf-dist/fonts/type1/public/amsfonts/
cm/cmbx8.pfb></usr/share/texlive/texmf-dist/fonts/type1/public/amsfonts/cm/cmex
10.pfb></usr/share/texlive/texmf-dist/fonts/type1/public/amsfonts/cm/cmmi10.pfb
></usr/share/texlive/texmf-dist/fonts/type1/public/amsfonts/cm/cmmi5.pfb></usr/
share/texlive/texmf-dist/fonts/type1/public/amsfonts/cm/cmmi7.pfb></usr/share/t
exlive/texmf-dist/fonts/type1/public/amsfonts/cm/cmmi8.pfb></usr/share/texlive/
texmf-dist/fonts/type1/public/amsfonts/cm/cmmib10.pfb></usr/share/texlive/texmf
-dist/fonts/type1/public/amsfonts/cmextra/cmmib5.pfb></usr/share/texlive/texmf-
dist/fonts/type1/public/amsfonts/cmextra/cmmib7.pfb></usr/share/texlive/texmf-d
ist/fonts/type1/public/amsfonts/cm/cmr10.pfb></usr/share/texlive/texmf-dist/fon
ts/type1/public/amsfonts/cm/cmr5.pfb></usr/share/texlive/texmf-dist/fonts/type1
/public/amsfonts/cm/cmr7.pfb></usr/share/texlive/texmf-dist/fonts/type1/public/
amsfonts/cm/cmr8.pfb></usr/share/texlive/texmf-dist/fonts/type1/public/amsfonts
/cm/cmsy10.pfb></usr/share/texlive/texmf-dist/fonts/type1/public/amsfonts/cm/cm
sy5.pfb></usr/share/texlive/texmf-dist/fonts/type1/public/amsfonts/cm/cmsy7.pfb
></usr/share/texlive/texmf-dist/fonts/type1/public/amsfonts/cm/cmsy8.pfb></usr/
share/texlive/texmf-dist/fonts/type1/public/amsfonts/cm/cmti10.pfb></usr/share/
texlive/texmf-dist/fonts/type1/public/amsfonts/cm/cmti8.pfb></usr/share/texlive
/texmf-dist/fonts/type1/public/amsfonts/symbols/msbm10.pfb>
Output written on GopinathArgallAuRo2017.pdf (16 pages, 3806392 bytes).
PDF statistics:
 216 PDF objects out of 1000 (max. 8388607)
 138 compressed objects within 2 object streams
 0 named destinations out of 1000 (max. 500000)
 14387 words of extra memory for PDF output out of 14400 (max. 10000000)

